2023.12.07 19:13:01 INFO  Started: Metals version 1.1.0 in folders '/Users/enzo/Documents/nuitDeL-info2023' for client Visual Studio Code 1.84.2.
2023.12.07 19:13:02 WARN  no build tool detected in workspace '/Users/enzo/Documents/nuitDeL-info2023'. The most common cause for this problem is that the editor was opened in the wrong working directory, for example if you use sbt then the workspace directory should contain build.sbt. 
2023.12.07 19:13:02 WARN  Build server is not auto-connectable.
2023.12.07 19:13:02 WARN  no build target for: /Users/enzo/Documents/nuitDeL-info2023/fr/watibg/backend/tetris.scala
2023.12.07 19:13:09 INFO  no build target found for /Users/enzo/Documents/nuitDeL-info2023/fr/watibg/backend/tetris.scala. Using presentation compiler with project's scala-library version: 3.3.1
2023.12.07 19:13:11 WARN  Could not find semantic tokens for: file:///Users/enzo/Documents/nuitDeL-info2023/fr/watibg/backend/tetris.scala
2023.12.07 19:13:11 INFO  time: code lens generation in 8.48s
2023.12.07 19:27:59 WARN  Could not find semantic tokens for: file:///Users/enzo/Documents/nuitDeL-info2023/fr/watibg/backend/tetris.scala
2023.12.07 19:27:59 WARN  Could not find semantic tokens for: file:///Users/enzo/Documents/nuitDeL-info2023/fr/watibg/backend/tetris.scala
2023.12.07 19:28:15 WARN  Could not find semantic tokens for: file:///Users/enzo/Documents/nuitDeL-info2023/fr/watibg/backend/tetris.scala
2023.12.07 19:28:22 WARN  no build target for: /Users/enzo/Documents/nuitDeL-info2023/fr/watibg/backend/tetris.scala
2023.12.07 19:28:31 WARN  no build target for: /Users/enzo/Documents/nuitDeL-info2023/fr/watibg/backend/tetris.scala
2023.12.07 19:28:34 WARN  no build target for: /Users/enzo/Documents/nuitDeL-info2023/fr/watibg/backend/tetris.scala
2023.12.07 19:28:35 WARN  no build target for: /Users/enzo/Documents/nuitDeL-info2023/fr/watibg/backend/tetris.scala
2023.12.07 19:30:06 WARN  no build target for: /Users/enzo/Documents/nuitDeL-info2023/fr/watibg/backend/tetris/tetris.scala
2023.12.07 19:30:07 WARN  no build target for: /Users/enzo/Documents/nuitDeL-info2023/fr/watibg/backend/tetris/tetris.scala
2023.12.07 19:30:12 WARN  no build target for: /Users/enzo/Documents/nuitDeL-info2023/fr/watibg/backend/tetris/tetris.scala
2023.12.07 19:30:15 WARN  no build target for: /Users/enzo/Documents/nuitDeL-info2023/fr/watibg/backend/tetris/tetris.scala
2023.12.07 19:30:58 WARN  no build target for: /Users/enzo/Documents/nuitDeL-info2023/fr/watibg/backend/tetris/tetris.scala
2023.12.07 19:32:57 WARN  no build target for: /Users/enzo/Documents/nuitDeL-info2023/fr/watibg/backend/tetris/tetris.scala
